{"/Users/rudicarrillo/Documentos/GitHub/todo-list/src/statusUpdates.js": {"path":"/Users/rudicarrillo/Documentos/GitHub/todo-list/src/statusUpdates.js","statementMap":{"0":{"start":{"line":3,"column":2},"end":{"line":3,"column":35}},"1":{"start":{"line":4,"column":2},"end":{"line":4,"column":36}},"2":{"start":{"line":8,"column":14},"end":{"line":8,"column":24}},"3":{"start":{"line":9,"column":2},"end":{"line":9,"column":50}},"4":{"start":{"line":9,"column":33},"end":{"line":9,"column":48}},"5":{"start":{"line":10,"column":2},"end":{"line":10,"column":18}},"6":{"start":{"line":11,"column":2},"end":{"line":11,"column":36}}},"fnMap":{"0":{"name":"toggleTaskCompleted","decl":{"start":{"line":2,"column":16},"end":{"line":2,"column":35}},"loc":{"start":{"line":2,"column":77},"end":{"line":5,"column":1}},"line":2},"1":{"name":"clearAllCompleted","decl":{"start":{"line":7,"column":16},"end":{"line":7,"column":33}},"loc":{"start":{"line":7,"column":82},"end":{"line":12,"column":1}},"line":7},"2":{"name":"(anonymous_2)","decl":{"start":{"line":9,"column":23},"end":{"line":9,"column":24}},"loc":{"start":{"line":9,"column":33},"end":{"line":9,"column":48}},"line":9}},"branchMap":{},"s":{"0":0,"1":0,"2":0,"3":0,"4":0,"5":0,"6":0},"f":{"0":0,"1":0,"2":0},"b":{},"_coverageSchema":"1a1c01bbd47fc00a2c39e90264f33305004495a9","hash":"676ea249e021049604ed74aa95e030549754ed1b"}
,"/Users/rudicarrillo/Documentos/GitHub/todo-list/src/taskFunctions.js": {"path":"/Users/rudicarrillo/Documentos/GitHub/todo-list/src/taskFunctions.js","statementMap":{"0":{"start":{"line":3,"column":12},"end":{"line":3,"column":14}},"1":{"start":{"line":4,"column":18},"end":{"line":4,"column":22}},"2":{"start":{"line":7,"column":2},"end":{"line":7,"column":55}},"3":{"start":{"line":11,"column":22},"end":{"line":11,"column":51}},"4":{"start":{"line":12,"column":2},"end":{"line":14,"column":3}},"5":{"start":{"line":13,"column":4},"end":{"line":13,"column":36}},"6":{"start":{"line":18,"column":2},"end":{"line":18,"column":15}},"7":{"start":{"line":22,"column":2},"end":{"line":22,"column":19}},"8":{"start":{"line":23,"column":2},"end":{"line":23,"column":33}},"9":{"start":{"line":27,"column":21},"end":{"line":27,"column":31}},"10":{"start":{"line":29,"column":2},"end":{"line":29,"column":44}},"11":{"start":{"line":29,"column":37},"end":{"line":29,"column":44}},"12":{"start":{"line":31,"column":2},"end":{"line":33,"column":3}},"13":{"start":{"line":32,"column":4},"end":{"line":32,"column":22}},"14":{"start":{"line":35,"column":18},"end":{"line":39,"column":3}},"15":{"start":{"line":41,"column":2},"end":{"line":41,"column":29}},"16":{"start":{"line":43,"column":2},"end":{"line":43,"column":25}},"17":{"start":{"line":45,"column":2},"end":{"line":45,"column":23}},"18":{"start":{"line":46,"column":2},"end":{"line":46,"column":33}},"19":{"start":{"line":50,"column":2},"end":{"line":52,"column":3}},"20":{"start":{"line":50,"column":15},"end":{"line":50,"column":16}},"21":{"start":{"line":51,"column":4},"end":{"line":51,"column":23}},"22":{"start":{"line":53,"column":2},"end":{"line":53,"column":15}},"23":{"start":{"line":57,"column":14},"end":{"line":57,"column":24}},"24":{"start":{"line":58,"column":2},"end":{"line":58,"column":50}},"25":{"start":{"line":58,"column":33},"end":{"line":58,"column":48}},"26":{"start":{"line":59,"column":2},"end":{"line":59,"column":35}},"27":{"start":{"line":60,"column":2},"end":{"line":60,"column":18}},"28":{"start":{"line":61,"column":2},"end":{"line":61,"column":26}},"29":{"start":{"line":65,"column":19},"end":{"line":65,"column":55}},"30":{"start":{"line":67,"column":2},"end":{"line":67,"column":24}},"31":{"start":{"line":67,"column":17},"end":{"line":67,"column":24}},"32":{"start":{"line":69,"column":2},"end":{"line":69,"column":26}},"33":{"start":{"line":71,"column":2},"end":{"line":142,"column":5}},"34":{"start":{"line":71,"column":23},"end":{"line":71,"column":40}},"35":{"start":{"line":72,"column":21},"end":{"line":72,"column":49}},"36":{"start":{"line":73,"column":4},"end":{"line":73,"column":30}},"37":{"start":{"line":75,"column":26},"end":{"line":75,"column":55}},"38":{"start":{"line":76,"column":4},"end":{"line":76,"column":50}},"39":{"start":{"line":78,"column":21},"end":{"line":78,"column":52}},"40":{"start":{"line":79,"column":4},"end":{"line":79,"column":31}},"41":{"start":{"line":80,"column":4},"end":{"line":80,"column":38}},"42":{"start":{"line":81,"column":4},"end":{"line":84,"column":7}},"43":{"start":{"line":82,"column":6},"end":{"line":82,"column":52}},"44":{"start":{"line":83,"column":6},"end":{"line":83,"column":35}},"45":{"start":{"line":86,"column":17},"end":{"line":86,"column":47}},"46":{"start":{"line":87,"column":4},"end":{"line":87,"column":40}},"47":{"start":{"line":88,"column":4},"end":{"line":88,"column":32}},"48":{"start":{"line":91,"column":4},"end":{"line":94,"column":7}},"49":{"start":{"line":92,"column":6},"end":{"line":92,"column":42}},"50":{"start":{"line":93,"column":6},"end":{"line":93,"column":37}},"51":{"start":{"line":96,"column":4},"end":{"line":96,"column":41}},"52":{"start":{"line":98,"column":28},"end":{"line":98,"column":57}},"53":{"start":{"line":99,"column":4},"end":{"line":99,"column":54}},"54":{"start":{"line":101,"column":22},"end":{"line":101,"column":54}},"55":{"start":{"line":102,"column":4},"end":{"line":102,"column":73}},"56":{"start":{"line":103,"column":4},"end":{"line":109,"column":7}},"57":{"start":{"line":104,"column":18},"end":{"line":104,"column":28}},"58":{"start":{"line":105,"column":6},"end":{"line":105,"column":70}},"59":{"start":{"line":105,"column":34},"end":{"line":105,"column":68}},"60":{"start":{"line":106,"column":6},"end":{"line":106,"column":39}},"61":{"start":{"line":107,"column":6},"end":{"line":107,"column":22}},"62":{"start":{"line":108,"column":6},"end":{"line":108,"column":30}},"63":{"start":{"line":110,"column":4},"end":{"line":110,"column":43}},"64":{"start":{"line":112,"column":20},"end":{"line":112,"column":52}},"65":{"start":{"line":113,"column":4},"end":{"line":113,"column":70}},"66":{"start":{"line":114,"column":4},"end":{"line":114,"column":35}},"67":{"start":{"line":115,"column":4},"end":{"line":115,"column":41}},"68":{"start":{"line":117,"column":4},"end":{"line":117,"column":52}},"69":{"start":{"line":118,"column":4},"end":{"line":118,"column":30}},"70":{"start":{"line":120,"column":4},"end":{"line":122,"column":7}},"71":{"start":{"line":121,"column":6},"end":{"line":121,"column":25}},"72":{"start":{"line":124,"column":4},"end":{"line":126,"column":7}},"73":{"start":{"line":125,"column":6},"end":{"line":125,"column":25}},"74":{"start":{"line":128,"column":4},"end":{"line":141,"column":7}},"75":{"start":{"line":129,"column":6},"end":{"line":129,"column":25}},"76":{"start":{"line":130,"column":18},"end":{"line":130,"column":28}},"77":{"start":{"line":132,"column":23},"end":{"line":132,"column":88}},"78":{"start":{"line":132,"column":46},"end":{"line":132,"column":87}},"79":{"start":{"line":133,"column":23},"end":{"line":133,"column":81}},"80":{"start":{"line":133,"column":46},"end":{"line":133,"column":80}},"81":{"start":{"line":135,"column":6},"end":{"line":135,"column":39}},"82":{"start":{"line":136,"column":6},"end":{"line":136,"column":39}},"83":{"start":{"line":138,"column":6},"end":{"line":138,"column":54}},"84":{"start":{"line":138,"column":35},"end":{"line":138,"column":52}},"85":{"start":{"line":139,"column":6},"end":{"line":139,"column":22}},"86":{"start":{"line":140,"column":6},"end":{"line":140,"column":30}}},"fnMap":{"0":{"name":"saveTasksToLocalStorage","decl":{"start":{"line":6,"column":16},"end":{"line":6,"column":39}},"loc":{"start":{"line":6,"column":47},"end":{"line":8,"column":1}},"line":6},"1":{"name":"loadTasksFromLocalStorage","decl":{"start":{"line":10,"column":16},"end":{"line":10,"column":41}},"loc":{"start":{"line":10,"column":44},"end":{"line":15,"column":1}},"line":10},"2":{"name":"getTasks","decl":{"start":{"line":17,"column":16},"end":{"line":17,"column":24}},"loc":{"start":{"line":17,"column":27},"end":{"line":19,"column":1}},"line":17},"3":{"name":"setTasks","decl":{"start":{"line":21,"column":16},"end":{"line":21,"column":24}},"loc":{"start":{"line":21,"column":35},"end":{"line":24,"column":1}},"line":21},"4":{"name":"handleNewTask","decl":{"start":{"line":26,"column":16},"end":{"line":26,"column":29}},"loc":{"start":{"line":26,"column":79},"end":{"line":47,"column":1}},"line":26},"5":{"name":"updateTaskIndexes","decl":{"start":{"line":49,"column":16},"end":{"line":49,"column":33}},"loc":{"start":{"line":49,"column":41},"end":{"line":54,"column":1}},"line":49},"6":{"name":"handleClearCompleted","decl":{"start":{"line":56,"column":16},"end":{"line":56,"column":36}},"loc":{"start":{"line":56,"column":75},"end":{"line":62,"column":1}},"line":56},"7":{"name":"(anonymous_7)","decl":{"start":{"line":58,"column":23},"end":{"line":58,"column":24}},"loc":{"start":{"line":58,"column":33},"end":{"line":58,"column":48}},"line":58},"8":{"name":"populateTodoList","decl":{"start":{"line":64,"column":16},"end":{"line":64,"column":32}},"loc":{"start":{"line":64,"column":40},"end":{"line":143,"column":1}},"line":64},"9":{"name":"(anonymous_9)","decl":{"start":{"line":71,"column":13},"end":{"line":71,"column":14}},"loc":{"start":{"line":71,"column":23},"end":{"line":71,"column":40}},"line":71},"10":{"name":"(anonymous_10)","decl":{"start":{"line":71,"column":50},"end":{"line":71,"column":51}},"loc":{"start":{"line":71,"column":60},"end":{"line":142,"column":3}},"line":71},"11":{"name":"(anonymous_11)","decl":{"start":{"line":81,"column":40},"end":{"line":81,"column":41}},"loc":{"start":{"line":81,"column":46},"end":{"line":84,"column":5}},"line":81},"12":{"name":"(anonymous_12)","decl":{"start":{"line":91,"column":34},"end":{"line":91,"column":35}},"loc":{"start":{"line":91,"column":40},"end":{"line":94,"column":5}},"line":91},"13":{"name":"(anonymous_13)","decl":{"start":{"line":103,"column":40},"end":{"line":103,"column":41}},"loc":{"start":{"line":103,"column":46},"end":{"line":109,"column":5}},"line":103},"14":{"name":"(anonymous_14)","decl":{"start":{"line":105,"column":27},"end":{"line":105,"column":28}},"loc":{"start":{"line":105,"column":34},"end":{"line":105,"column":68}},"line":105},"15":{"name":"(anonymous_15)","decl":{"start":{"line":120,"column":43},"end":{"line":120,"column":44}},"loc":{"start":{"line":120,"column":49},"end":{"line":122,"column":5}},"line":120},"16":{"name":"(anonymous_16)","decl":{"start":{"line":124,"column":42},"end":{"line":124,"column":43}},"loc":{"start":{"line":124,"column":49},"end":{"line":126,"column":5}},"line":124},"17":{"name":"(anonymous_17)","decl":{"start":{"line":128,"column":38},"end":{"line":128,"column":39}},"loc":{"start":{"line":128,"column":45},"end":{"line":141,"column":5}},"line":128},"18":{"name":"(anonymous_18)","decl":{"start":{"line":132,"column":39},"end":{"line":132,"column":40}},"loc":{"start":{"line":132,"column":46},"end":{"line":132,"column":87}},"line":132},"19":{"name":"(anonymous_19)","decl":{"start":{"line":133,"column":39},"end":{"line":133,"column":40}},"loc":{"start":{"line":133,"column":46},"end":{"line":133,"column":80}},"line":133},"20":{"name":"(anonymous_20)","decl":{"start":{"line":138,"column":25},"end":{"line":138,"column":26}},"loc":{"start":{"line":138,"column":35},"end":{"line":138,"column":52}},"line":138}},"branchMap":{"0":{"loc":{"start":{"line":12,"column":2},"end":{"line":14,"column":3}},"type":"if","locations":[{"start":{"line":12,"column":2},"end":{"line":14,"column":3}},{"start":{},"end":{}}],"line":12},"1":{"loc":{"start":{"line":29,"column":2},"end":{"line":29,"column":44}},"type":"if","locations":[{"start":{"line":29,"column":2},"end":{"line":29,"column":44}},{"start":{},"end":{}}],"line":29},"2":{"loc":{"start":{"line":31,"column":2},"end":{"line":33,"column":3}},"type":"if","locations":[{"start":{"line":31,"column":2},"end":{"line":33,"column":3}},{"start":{},"end":{}}],"line":31},"3":{"loc":{"start":{"line":67,"column":2},"end":{"line":67,"column":24}},"type":"if","locations":[{"start":{"line":67,"column":2},"end":{"line":67,"column":24}},{"start":{},"end":{}}],"line":67}},"s":{"0":1,"1":1,"2":4,"3":1,"4":1,"5":1,"6":5,"7":3,"8":3,"9":2,"10":2,"11":1,"12":1,"13":0,"14":1,"15":1,"16":1,"17":1,"18":1,"19":1,"20":1,"21":1,"22":1,"23":1,"24":1,"25":2,"26":1,"27":1,"28":1,"29":0,"30":0,"31":0,"32":0,"33":0,"34":0,"35":0,"36":0,"37":0,"38":0,"39":0,"40":0,"41":0,"42":0,"43":0,"44":0,"45":0,"46":0,"47":0,"48":0,"49":0,"50":0,"51":0,"52":0,"53":0,"54":0,"55":0,"56":0,"57":0,"58":0,"59":0,"60":0,"61":0,"62":0,"63":0,"64":0,"65":0,"66":0,"67":0,"68":0,"69":0,"70":0,"71":0,"72":0,"73":0,"74":0,"75":0,"76":0,"77":0,"78":0,"79":0,"80":0,"81":0,"82":0,"83":0,"84":0,"85":0,"86":0},"f":{"0":4,"1":1,"2":5,"3":3,"4":2,"5":1,"6":1,"7":2,"8":0,"9":0,"10":0,"11":0,"12":0,"13":0,"14":0,"15":0,"16":0,"17":0,"18":0,"19":0,"20":0},"b":{"0":[1,0],"1":[1,1],"2":[0,1],"3":[0,0]},"_coverageSchema":"1a1c01bbd47fc00a2c39e90264f33305004495a9","hash":"df6368071724dc763279b28cdf4d423e3642dab3"}
}
