{"/Users/rudicarrillo/Documentos/GitHub/todo-list/src/statusUpdates.js": {"path":"/Users/rudicarrillo/Documentos/GitHub/todo-list/src/statusUpdates.js","statementMap":{"0":{"start":{"line":3,"column":2},"end":{"line":3,"column":35}},"1":{"start":{"line":4,"column":2},"end":{"line":4,"column":36}},"2":{"start":{"line":8,"column":14},"end":{"line":8,"column":24}},"3":{"start":{"line":9,"column":2},"end":{"line":9,"column":50}},"4":{"start":{"line":9,"column":33},"end":{"line":9,"column":48}},"5":{"start":{"line":10,"column":2},"end":{"line":10,"column":18}},"6":{"start":{"line":11,"column":2},"end":{"line":11,"column":36}}},"fnMap":{"0":{"name":"toggleTaskCompleted","decl":{"start":{"line":2,"column":16},"end":{"line":2,"column":35}},"loc":{"start":{"line":2,"column":77},"end":{"line":5,"column":1}},"line":2},"1":{"name":"clearAllCompleted","decl":{"start":{"line":7,"column":16},"end":{"line":7,"column":33}},"loc":{"start":{"line":7,"column":82},"end":{"line":12,"column":1}},"line":7},"2":{"name":"(anonymous_2)","decl":{"start":{"line":9,"column":23},"end":{"line":9,"column":24}},"loc":{"start":{"line":9,"column":33},"end":{"line":9,"column":48}},"line":9}},"branchMap":{},"s":{"0":0,"1":0,"2":0,"3":0,"4":0,"5":0,"6":0},"f":{"0":0,"1":0,"2":0},"b":{},"_coverageSchema":"1a1c01bbd47fc00a2c39e90264f33305004495a9","hash":"676ea249e021049604ed74aa95e030549754ed1b"}
,"/Users/rudicarrillo/Documentos/GitHub/todo-list/src/taskFunctions.js": {"path":"/Users/rudicarrillo/Documentos/GitHub/todo-list/src/taskFunctions.js","statementMap":{"0":{"start":{"line":3,"column":18},"end":{"line":3,"column":22}},"1":{"start":{"line":4,"column":12},"end":{"line":4,"column":14}},"2":{"start":{"line":7,"column":2},"end":{"line":7,"column":15}},"3":{"start":{"line":11,"column":2},"end":{"line":11,"column":19}},"4":{"start":{"line":13,"column":2},"end":{"line":13,"column":33}},"5":{"start":{"line":17,"column":2},"end":{"line":17,"column":55}},"6":{"start":{"line":21,"column":22},"end":{"line":21,"column":51}},"7":{"start":{"line":22,"column":2},"end":{"line":24,"column":3}},"8":{"start":{"line":23,"column":4},"end":{"line":23,"column":36}},"9":{"start":{"line":28,"column":2},"end":{"line":30,"column":3}},"10":{"start":{"line":28,"column":15},"end":{"line":28,"column":16}},"11":{"start":{"line":29,"column":4},"end":{"line":29,"column":23}},"12":{"start":{"line":31,"column":2},"end":{"line":31,"column":15}},"13":{"start":{"line":35,"column":21},"end":{"line":35,"column":31}},"14":{"start":{"line":37,"column":2},"end":{"line":37,"column":44}},"15":{"start":{"line":37,"column":37},"end":{"line":37,"column":44}},"16":{"start":{"line":39,"column":2},"end":{"line":41,"column":3}},"17":{"start":{"line":40,"column":4},"end":{"line":40,"column":22}},"18":{"start":{"line":43,"column":18},"end":{"line":47,"column":3}},"19":{"start":{"line":49,"column":2},"end":{"line":49,"column":29}},"20":{"start":{"line":51,"column":2},"end":{"line":51,"column":25}},"21":{"start":{"line":53,"column":2},"end":{"line":53,"column":23}},"22":{"start":{"line":54,"column":2},"end":{"line":54,"column":71}},"23":{"start":{"line":58,"column":14},"end":{"line":58,"column":24}},"24":{"start":{"line":59,"column":2},"end":{"line":59,"column":50}},"25":{"start":{"line":59,"column":33},"end":{"line":59,"column":48}},"26":{"start":{"line":60,"column":2},"end":{"line":60,"column":35}},"27":{"start":{"line":61,"column":2},"end":{"line":61,"column":18}},"28":{"start":{"line":62,"column":2},"end":{"line":62,"column":64}},"29":{"start":{"line":66,"column":2},"end":{"line":66,"column":26}},"30":{"start":{"line":68,"column":2},"end":{"line":139,"column":5}},"31":{"start":{"line":68,"column":23},"end":{"line":68,"column":40}},"32":{"start":{"line":69,"column":21},"end":{"line":69,"column":49}},"33":{"start":{"line":70,"column":4},"end":{"line":70,"column":30}},"34":{"start":{"line":72,"column":26},"end":{"line":72,"column":55}},"35":{"start":{"line":73,"column":4},"end":{"line":73,"column":50}},"36":{"start":{"line":75,"column":21},"end":{"line":75,"column":52}},"37":{"start":{"line":76,"column":4},"end":{"line":76,"column":31}},"38":{"start":{"line":77,"column":4},"end":{"line":77,"column":38}},"39":{"start":{"line":78,"column":4},"end":{"line":81,"column":7}},"40":{"start":{"line":79,"column":6},"end":{"line":79,"column":52}},"41":{"start":{"line":80,"column":6},"end":{"line":80,"column":45}},"42":{"start":{"line":83,"column":17},"end":{"line":83,"column":47}},"43":{"start":{"line":84,"column":4},"end":{"line":84,"column":40}},"44":{"start":{"line":85,"column":4},"end":{"line":85,"column":32}},"45":{"start":{"line":88,"column":4},"end":{"line":91,"column":7}},"46":{"start":{"line":89,"column":6},"end":{"line":89,"column":42}},"47":{"start":{"line":90,"column":6},"end":{"line":90,"column":37}},"48":{"start":{"line":93,"column":4},"end":{"line":93,"column":41}},"49":{"start":{"line":95,"column":28},"end":{"line":95,"column":57}},"50":{"start":{"line":96,"column":4},"end":{"line":96,"column":54}},"51":{"start":{"line":98,"column":22},"end":{"line":98,"column":54}},"52":{"start":{"line":99,"column":4},"end":{"line":99,"column":73}},"53":{"start":{"line":100,"column":4},"end":{"line":106,"column":7}},"54":{"start":{"line":101,"column":18},"end":{"line":101,"column":28}},"55":{"start":{"line":102,"column":6},"end":{"line":102,"column":70}},"56":{"start":{"line":102,"column":34},"end":{"line":102,"column":68}},"57":{"start":{"line":103,"column":6},"end":{"line":103,"column":39}},"58":{"start":{"line":104,"column":6},"end":{"line":104,"column":22}},"59":{"start":{"line":105,"column":6},"end":{"line":105,"column":40}},"60":{"start":{"line":107,"column":4},"end":{"line":107,"column":43}},"61":{"start":{"line":109,"column":20},"end":{"line":109,"column":52}},"62":{"start":{"line":110,"column":4},"end":{"line":110,"column":70}},"63":{"start":{"line":111,"column":4},"end":{"line":111,"column":35}},"64":{"start":{"line":112,"column":4},"end":{"line":112,"column":41}},"65":{"start":{"line":114,"column":4},"end":{"line":114,"column":52}},"66":{"start":{"line":115,"column":4},"end":{"line":115,"column":30}},"67":{"start":{"line":117,"column":4},"end":{"line":119,"column":7}},"68":{"start":{"line":118,"column":6},"end":{"line":118,"column":25}},"69":{"start":{"line":121,"column":4},"end":{"line":123,"column":7}},"70":{"start":{"line":122,"column":6},"end":{"line":122,"column":25}},"71":{"start":{"line":125,"column":4},"end":{"line":138,"column":7}},"72":{"start":{"line":126,"column":6},"end":{"line":126,"column":25}},"73":{"start":{"line":127,"column":18},"end":{"line":127,"column":28}},"74":{"start":{"line":129,"column":23},"end":{"line":129,"column":88}},"75":{"start":{"line":129,"column":46},"end":{"line":129,"column":87}},"76":{"start":{"line":130,"column":23},"end":{"line":130,"column":81}},"77":{"start":{"line":130,"column":46},"end":{"line":130,"column":80}},"78":{"start":{"line":132,"column":6},"end":{"line":132,"column":39}},"79":{"start":{"line":133,"column":6},"end":{"line":133,"column":39}},"80":{"start":{"line":135,"column":6},"end":{"line":135,"column":54}},"81":{"start":{"line":135,"column":35},"end":{"line":135,"column":52}},"82":{"start":{"line":136,"column":6},"end":{"line":136,"column":22}},"83":{"start":{"line":137,"column":6},"end":{"line":137,"column":40}}},"fnMap":{"0":{"name":"getTasks","decl":{"start":{"line":6,"column":16},"end":{"line":6,"column":24}},"loc":{"start":{"line":6,"column":27},"end":{"line":8,"column":1}},"line":6},"1":{"name":"setTasks","decl":{"start":{"line":10,"column":16},"end":{"line":10,"column":24}},"loc":{"start":{"line":10,"column":35},"end":{"line":14,"column":1}},"line":10},"2":{"name":"saveTasksToLocalStorage","decl":{"start":{"line":16,"column":16},"end":{"line":16,"column":39}},"loc":{"start":{"line":16,"column":47},"end":{"line":18,"column":1}},"line":16},"3":{"name":"loadTasksFromLocalStorage","decl":{"start":{"line":20,"column":16},"end":{"line":20,"column":41}},"loc":{"start":{"line":20,"column":44},"end":{"line":25,"column":1}},"line":20},"4":{"name":"updateTaskIndexes","decl":{"start":{"line":27,"column":9},"end":{"line":27,"column":26}},"loc":{"start":{"line":27,"column":34},"end":{"line":32,"column":1}},"line":27},"5":{"name":"handleNewTask","decl":{"start":{"line":34,"column":16},"end":{"line":34,"column":29}},"loc":{"start":{"line":34,"column":79},"end":{"line":55,"column":1}},"line":34},"6":{"name":"handleClearCompleted","decl":{"start":{"line":57,"column":16},"end":{"line":57,"column":36}},"loc":{"start":{"line":57,"column":75},"end":{"line":63,"column":1}},"line":57},"7":{"name":"(anonymous_7)","decl":{"start":{"line":59,"column":23},"end":{"line":59,"column":24}},"loc":{"start":{"line":59,"column":33},"end":{"line":59,"column":48}},"line":59},"8":{"name":"populateTodoList","decl":{"start":{"line":65,"column":16},"end":{"line":65,"column":32}},"loc":{"start":{"line":65,"column":50},"end":{"line":140,"column":1}},"line":65},"9":{"name":"(anonymous_9)","decl":{"start":{"line":68,"column":13},"end":{"line":68,"column":14}},"loc":{"start":{"line":68,"column":23},"end":{"line":68,"column":40}},"line":68},"10":{"name":"(anonymous_10)","decl":{"start":{"line":68,"column":50},"end":{"line":68,"column":51}},"loc":{"start":{"line":68,"column":60},"end":{"line":139,"column":3}},"line":68},"11":{"name":"(anonymous_11)","decl":{"start":{"line":78,"column":40},"end":{"line":78,"column":41}},"loc":{"start":{"line":78,"column":46},"end":{"line":81,"column":5}},"line":78},"12":{"name":"(anonymous_12)","decl":{"start":{"line":88,"column":34},"end":{"line":88,"column":35}},"loc":{"start":{"line":88,"column":40},"end":{"line":91,"column":5}},"line":88},"13":{"name":"(anonymous_13)","decl":{"start":{"line":100,"column":40},"end":{"line":100,"column":41}},"loc":{"start":{"line":100,"column":46},"end":{"line":106,"column":5}},"line":100},"14":{"name":"(anonymous_14)","decl":{"start":{"line":102,"column":27},"end":{"line":102,"column":28}},"loc":{"start":{"line":102,"column":34},"end":{"line":102,"column":68}},"line":102},"15":{"name":"(anonymous_15)","decl":{"start":{"line":117,"column":43},"end":{"line":117,"column":44}},"loc":{"start":{"line":117,"column":49},"end":{"line":119,"column":5}},"line":117},"16":{"name":"(anonymous_16)","decl":{"start":{"line":121,"column":42},"end":{"line":121,"column":43}},"loc":{"start":{"line":121,"column":49},"end":{"line":123,"column":5}},"line":121},"17":{"name":"(anonymous_17)","decl":{"start":{"line":125,"column":38},"end":{"line":125,"column":39}},"loc":{"start":{"line":125,"column":45},"end":{"line":138,"column":5}},"line":125},"18":{"name":"(anonymous_18)","decl":{"start":{"line":129,"column":39},"end":{"line":129,"column":40}},"loc":{"start":{"line":129,"column":46},"end":{"line":129,"column":87}},"line":129},"19":{"name":"(anonymous_19)","decl":{"start":{"line":130,"column":39},"end":{"line":130,"column":40}},"loc":{"start":{"line":130,"column":46},"end":{"line":130,"column":80}},"line":130},"20":{"name":"(anonymous_20)","decl":{"start":{"line":135,"column":25},"end":{"line":135,"column":26}},"loc":{"start":{"line":135,"column":35},"end":{"line":135,"column":52}},"line":135}},"branchMap":{"0":{"loc":{"start":{"line":22,"column":2},"end":{"line":24,"column":3}},"type":"if","locations":[{"start":{"line":22,"column":2},"end":{"line":24,"column":3}},{"start":{},"end":{}}],"line":22},"1":{"loc":{"start":{"line":37,"column":2},"end":{"line":37,"column":44}},"type":"if","locations":[{"start":{"line":37,"column":2},"end":{"line":37,"column":44}},{"start":{},"end":{}}],"line":37},"2":{"loc":{"start":{"line":39,"column":2},"end":{"line":41,"column":3}},"type":"if","locations":[{"start":{"line":39,"column":2},"end":{"line":41,"column":3}},{"start":{},"end":{}}],"line":39}},"s":{"0":1,"1":1,"2":3,"3":2,"4":2,"5":3,"6":1,"7":1,"8":1,"9":1,"10":1,"11":1,"12":1,"13":0,"14":0,"15":0,"16":0,"17":0,"18":0,"19":0,"20":0,"21":0,"22":0,"23":1,"24":1,"25":2,"26":1,"27":1,"28":1,"29":1,"30":1,"31":0,"32":1,"33":1,"34":1,"35":1,"36":1,"37":1,"38":1,"39":1,"40":0,"41":0,"42":1,"43":1,"44":1,"45":1,"46":0,"47":0,"48":1,"49":1,"50":1,"51":1,"52":1,"53":1,"54":0,"55":0,"56":0,"57":0,"58":0,"59":0,"60":1,"61":1,"62":1,"63":1,"64":1,"65":1,"66":1,"67":1,"68":0,"69":1,"70":0,"71":1,"72":0,"73":0,"74":0,"75":0,"76":0,"77":0,"78":0,"79":0,"80":0,"81":0,"82":0,"83":0},"f":{"0":3,"1":2,"2":3,"3":1,"4":1,"5":0,"6":1,"7":2,"8":1,"9":0,"10":1,"11":0,"12":0,"13":0,"14":0,"15":0,"16":0,"17":0,"18":0,"19":0,"20":0},"b":{"0":[1,0],"1":[0,0],"2":[0,0]},"_coverageSchema":"1a1c01bbd47fc00a2c39e90264f33305004495a9","hash":"67542cbf4a497bd58d84d4c3f3f3aeaf181e8992"}
}
