TN:
SF:src/statusUpdates.js
FN:2,toggleTaskCompleted
FN:7,clearAllCompleted
FN:9,(anonymous_2)
FNF:3
FNH:0
FNDA:0,toggleTaskCompleted
FNDA:0,clearAllCompleted
FNDA:0,(anonymous_2)
DA:3,0
DA:4,0
DA:8,0
DA:9,0
DA:10,0
DA:11,0
LF:6
LH:0
BRF:0
BRH:0
end_of_record
TN:
SF:src/taskFunctions.js
FN:6,saveTasksToLocalStorage
FN:10,loadTasksFromLocalStorage
FN:17,getTasks
FN:21,setTasks
FN:26,handleNewTask
FN:49,updateTaskIndexes
FN:56,handleClearCompleted
FN:58,(anonymous_7)
FN:64,populateTodoList
FN:71,(anonymous_9)
FN:71,(anonymous_10)
FN:81,(anonymous_11)
FN:91,(anonymous_12)
FN:103,(anonymous_13)
FN:105,(anonymous_14)
FN:120,(anonymous_15)
FN:124,(anonymous_16)
FN:128,(anonymous_17)
FN:132,(anonymous_18)
FN:133,(anonymous_19)
FN:138,(anonymous_20)
FNF:21
FNH:8
FNDA:4,saveTasksToLocalStorage
FNDA:1,loadTasksFromLocalStorage
FNDA:5,getTasks
FNDA:3,setTasks
FNDA:2,handleNewTask
FNDA:1,updateTaskIndexes
FNDA:1,handleClearCompleted
FNDA:2,(anonymous_7)
FNDA:0,populateTodoList
FNDA:0,(anonymous_9)
FNDA:0,(anonymous_10)
FNDA:0,(anonymous_11)
FNDA:0,(anonymous_12)
FNDA:0,(anonymous_13)
FNDA:0,(anonymous_14)
FNDA:0,(anonymous_15)
FNDA:0,(anonymous_16)
FNDA:0,(anonymous_17)
FNDA:0,(anonymous_18)
FNDA:0,(anonymous_19)
FNDA:0,(anonymous_20)
DA:3,1
DA:4,1
DA:7,4
DA:11,1
DA:12,1
DA:13,1
DA:18,5
DA:22,3
DA:23,3
DA:27,2
DA:29,2
DA:31,1
DA:32,0
DA:35,1
DA:41,1
DA:43,1
DA:45,1
DA:46,1
DA:50,1
DA:51,1
DA:53,1
DA:57,1
DA:58,2
DA:59,1
DA:60,1
DA:61,1
DA:65,0
DA:67,0
DA:69,0
DA:71,0
DA:72,0
DA:73,0
DA:75,0
DA:76,0
DA:78,0
DA:79,0
DA:80,0
DA:81,0
DA:82,0
DA:83,0
DA:86,0
DA:87,0
DA:88,0
DA:91,0
DA:92,0
DA:93,0
DA:96,0
DA:98,0
DA:99,0
DA:101,0
DA:102,0
DA:103,0
DA:104,0
DA:105,0
DA:106,0
DA:107,0
DA:108,0
DA:110,0
DA:112,0
DA:113,0
DA:114,0
DA:115,0
DA:117,0
DA:118,0
DA:120,0
DA:121,0
DA:124,0
DA:125,0
DA:128,0
DA:129,0
DA:130,0
DA:132,0
DA:133,0
DA:135,0
DA:136,0
DA:138,0
DA:139,0
DA:140,0
LF:78
LH:25
BRDA:12,0,0,1
BRDA:12,0,1,0
BRDA:29,1,0,1
BRDA:29,1,1,1
BRDA:31,2,0,0
BRDA:31,2,1,1
BRDA:67,3,0,0
BRDA:67,3,1,0
BRF:8
BRH:4
end_of_record
