TN:
SF:src/statusUpdates.js
FN:2,toggleTaskCompleted
FN:7,clearAllCompleted
FN:9,(anonymous_2)
FNF:3
FNH:0
FNDA:0,toggleTaskCompleted
FNDA:0,clearAllCompleted
FNDA:0,(anonymous_2)
DA:3,0
DA:4,0
DA:8,0
DA:9,0
DA:10,0
DA:11,0
LF:6
LH:0
BRF:0
BRH:0
end_of_record
TN:
SF:src/taskFunctions.js
FN:6,getTasks
FN:10,setTasks
FN:16,saveTasksToLocalStorage
FN:20,loadTasksFromLocalStorage
FN:27,updateTaskIndexes
FN:34,handleNewTask
FN:57,handleClearCompleted
FN:59,(anonymous_7)
FN:65,populateTodoList
FN:68,(anonymous_9)
FN:68,(anonymous_10)
FN:78,(anonymous_11)
FN:88,(anonymous_12)
FN:100,(anonymous_13)
FN:102,(anonymous_14)
FN:117,(anonymous_15)
FN:121,(anonymous_16)
FN:125,(anonymous_17)
FN:129,(anonymous_18)
FN:130,(anonymous_19)
FN:135,(anonymous_20)
FNF:21
FNH:9
FNDA:3,getTasks
FNDA:2,setTasks
FNDA:3,saveTasksToLocalStorage
FNDA:1,loadTasksFromLocalStorage
FNDA:1,updateTaskIndexes
FNDA:0,handleNewTask
FNDA:1,handleClearCompleted
FNDA:2,(anonymous_7)
FNDA:1,populateTodoList
FNDA:0,(anonymous_9)
FNDA:1,(anonymous_10)
FNDA:0,(anonymous_11)
FNDA:0,(anonymous_12)
FNDA:0,(anonymous_13)
FNDA:0,(anonymous_14)
FNDA:0,(anonymous_15)
FNDA:0,(anonymous_16)
FNDA:0,(anonymous_17)
FNDA:0,(anonymous_18)
FNDA:0,(anonymous_19)
FNDA:0,(anonymous_20)
DA:3,1
DA:4,1
DA:7,3
DA:11,2
DA:13,2
DA:17,3
DA:21,1
DA:22,1
DA:23,1
DA:28,1
DA:29,1
DA:31,1
DA:35,0
DA:37,0
DA:39,0
DA:40,0
DA:43,0
DA:49,0
DA:51,0
DA:53,0
DA:54,0
DA:58,1
DA:59,2
DA:60,1
DA:61,1
DA:62,1
DA:66,1
DA:68,1
DA:69,1
DA:70,1
DA:72,1
DA:73,1
DA:75,1
DA:76,1
DA:77,1
DA:78,1
DA:79,0
DA:80,0
DA:83,1
DA:84,1
DA:85,1
DA:88,1
DA:89,0
DA:90,0
DA:93,1
DA:95,1
DA:96,1
DA:98,1
DA:99,1
DA:100,1
DA:101,0
DA:102,0
DA:103,0
DA:104,0
DA:105,0
DA:107,1
DA:109,1
DA:110,1
DA:111,1
DA:112,1
DA:114,1
DA:115,1
DA:117,1
DA:118,0
DA:121,1
DA:122,0
DA:125,1
DA:126,0
DA:127,0
DA:129,0
DA:130,0
DA:132,0
DA:133,0
DA:135,0
DA:136,0
DA:137,0
LF:76
LH:47
BRDA:22,0,0,1
BRDA:22,0,1,0
BRDA:37,1,0,0
BRDA:37,1,1,0
BRDA:39,2,0,0
BRDA:39,2,1,0
BRF:6
BRH:1
end_of_record
